<?xml version="1.0" encoding="UTF-8"?>
<!-- Generated by org.testng.reporters.JUnitReportReporter -->
<testsuite hostname="RameesaJaseel" failures="0" tests="1" name="cheak_Test.Product_Test" time="32.176" errors="0" timestamp="2024-12-30T10:50:09 IST" skipped="0">
  <testcase classname="cheak_Test.Product_Test" name="Product" time="32.176"/>
</testsuite> <!-- cheak_Test.Product_Test -->
