<?xml version="1.0" encoding="UTF-8"?>
<!-- Generated by org.testng.reporters.JUnitReportReporter -->
<testsuite hostname="RameesaJaseel" failures="0" tests="1" name="cheak_Test.Register_test" time="45.049" errors="0" timestamp="2024-12-30T10:47:58 IST" skipped="0">
  <testcase classname="cheak_Test.Register_test" name="Register_Account" time="45.049"/>
</testsuite> <!-- cheak_Test.Register_test -->
