<?xml version="1.0" encoding="UTF-8"?>
<!-- Generated by org.testng.reporters.JUnitReportReporter -->
<testsuite hostname="RameesaJaseel" failures="0" tests="1" name="cheak_Test.Cart_Test" time="38.899" errors="0" timestamp="2024-12-22T20:45:07 IST" skipped="0">
  <testcase classname="cheak_Test.Cart_Test" name="icon_click" time="38.899"/>
</testsuite> <!-- cheak_Test.Cart_Test -->
